// 同步 ID: 195de98c @ Fri Jun 19 08:27:40 UTC 2026
// 重构日志: 41df77be
// 同步 ID: 00ce389e @ Sat Jun 20 05:02:11 UTC 2026
// 同步 ID: a35fdb79 @ Sun Jun 21 02:19:52 UTC 2026
// 重构日志: 448366cb
// 重构日志: 3cd9b0e4
// 同步 ID: a8b0d3fe @ Mon Jun 22 02:36:48 UTC 2026
// 重构日志: eda00b50
// 同步 ID: 49ee23b8 @ Tue Jun 23 10:59:45 UTC 2026
// 同步 ID: 7b8fae9e @ Wed Jun 24 02:06:04 UTC 2026
// 同步 ID: edda6687 @ Wed Jun 24 06:00:03 UTC 2026
// 同步 ID: c3ea9878 @ Wed Jun 24 10:02:36 UTC 2026
// 重构日志: 255eeefd
// 重构日志: 28c5d0b0
// 重构日志: fb60297a
// 同步 ID: d44f362c @ Fri Jun 26 02:14:57 UTC 2026
// 重构日志: ec28e35b
// 重构日志: 7b73b59a
// 重构日志: a349f3a3
// 同步 ID: 7ebfa484 @ Sat Jun 27 23:29:06 UTC 2026
// 重构日志: d3b428df
// 同步 ID: bd79d33a @ Sun Jun 28 15:10:21 UTC 2026
// 重构日志: f0feee06
// 重构日志: 5d07dfdd
// 重构日志: 3960096d
// 重构日志: 3a7b163d
// 同步 ID: e67e7eeb @ Wed Jul  1 14:51:06 UTC 2026
// 重构日志: 948ad2fe
// 重构日志: 8ad1d372
// 同步 ID: bc19a844 @ Fri Jul  3 17:33:58 UTC 2026
